<?xml version="1.0" encoding="UTF-8"?>
<testsuite xmlns:xsi="http://www.w3.org/2001/XMLSchema-instance" xsi:noNamespaceSchemaLocation="https://maven.apache.org/surefire/maven-surefire-plugin/xsd/surefire-test-report-3.0.xsd" version="3.0" name="com.riesgocrediticio.buro.BuroApplicationTests" time="10.849" tests="1" errors="0" skipped="0" failures="0">
  <properties>
[...]
</properties>
  <testcase name="contextLoads" classname="com.riesgocrediticio.buro.BuroApplicationTests" time="0.438">
    <system-out><![CDATA[01:36:14.444 [main] INFO org.springframework.test.context.support.AnnotationConfigContextLoaderUtils -- Could not detect default configuration classes for test class [com.riesgocrediticio.buro.BuroApplicationTests]: BuroApplicationTests does not declare any static, non-private, non-final, nested classes annotated with @Configuration.
01:36:14.574 [main] INFO org.springframework.boot.test.context.SpringBootTestContextBootstrapper -- Found @SpringBootConfiguration com.riesgocrediticio.buro.BuroApplication for test class com.riesgocrediticio.buro.BuroApplicationTests
01:36:14.854 [main] INFO org.springframework.boot.devtools.restart.RestartApplicationListener -- Restart disabled due to context in which it is running
  .   ____          _            __ _ _
 /\\ / ___'_ __ _ _(_)_ __  __ _ \ \ \ \
( ( )\___ | '_ | '_| | '_ \/ _` | \ \ \ \
 \\/  ___)| |_)| | | | | || (_| |  ) ) ) )
  '  |____| .__|_| |_|_| |_\__, | / / / /
 =========|_|==============|___/=/_/_/_/

 :: Spring Boot ::                (v3.3.0)

2025-08-10T01:36:15.422-05:00  INFO 15440 --- [buro] [           main] c.r.buro.BuroApplicationTests            : Starting BuroApplicationTests using Java 17.0.12 with PID 15440 (started by carol in c:\OCTAVO\ARQUI\RiesgoCredito)
2025-08-10T01:36:15.424-05:00 DEBUG 15440 --- [buro] [           main] c.r.buro.BuroApplicationTests            : Running with Spring Boot v3.3.0, Spring v6.1.8
2025-08-10T01:36:15.424-05:00  INFO 15440 --- [buro] [           main] c.r.buro.BuroApplicationTests            : No active profile set, falling back to 1 default profile: "default"
2025-08-10T01:36:17.208-05:00  INFO 15440 --- [buro] [           main] .s.d.r.c.RepositoryConfigurationDelegate : Bootstrapping Spring Data JPA repositories in DEFAULT mode.
2025-08-10T01:36:17.293-05:00  INFO 15440 --- [buro] [           main] .s.d.r.c.RepositoryConfigurationDelegate : Finished Spring Data repository scanning in 73 ms. Found 4 JPA repository interfaces.
2025-08-10T01:36:17.618-05:00  INFO 15440 --- [buro] [           main] o.s.cloud.context.scope.GenericScope     : BeanFactory id=cf342d5d-26f0-3e24-a6cc-1a89a62bae41
2025-08-10T01:36:18.371-05:00  INFO 15440 --- [buro] [           main] o.hibernate.jpa.internal.util.LogHelper  : HHH000204: Processing PersistenceUnitInfo [name: default]
2025-08-10T01:36:18.463-05:00  INFO 15440 --- [buro] [           main] org.hibernate.Version                    : HHH000412: Hibernate ORM core version 6.5.2.Final
2025-08-10T01:36:18.546-05:00  INFO 15440 --- [buro] [           main] o.h.c.internal.RegionFactoryInitiator    : HHH000026: Second-level cache disabled
2025-08-10T01:36:19.106-05:00  INFO 15440 --- [buro] [           main] o.s.o.j.p.SpringPersistenceUnitInfo      : No LoadTimeWeaver setup: ignoring JPA class transformer
2025-08-10T01:36:19.153-05:00  INFO 15440 --- [buro] [           main] com.zaxxer.hikari.HikariDataSource       : HikariPool-1 - Starting...
2025-08-10T01:36:19.347-05:00  INFO 15440 --- [buro] [           main] com.zaxxer.hikari.pool.HikariPool        : HikariPool-1 - Added connection org.postgresql.jdbc.PgConnection@2759749
2025-08-10T01:36:19.350-05:00  INFO 15440 --- [buro] [           main] com.zaxxer.hikari.HikariDataSource       : HikariPool-1 - Start completed.
2025-08-10T01:36:19.388-05:00  WARN 15440 --- [buro] [           main] org.hibernate.orm.deprecation            : HHH90000025: PostgreSQLDialect does not need to be specified explicitly using 'hibernate.dialect' (remove the property setting and it will be selected by default)
2025-08-10T01:36:20.562-05:00  INFO 15440 --- [buro] [           main] o.h.e.t.j.p.i.JtaPlatformInitiator       : HHH000489: No JTA platform available (set 'hibernate.transaction.jta.platform' to enable JTA platform integration)
2025-08-10T01:36:20.631-05:00  INFO 15440 --- [buro] [           main] j.LocalContainerEntityManagerFactoryBean : Initialized JPA EntityManagerFactory for persistence unit 'default'
2025-08-10T01:36:21.010-05:00  WARN 15440 --- [buro] [           main] JpaBaseConfiguration$JpaWebConfiguration : spring.jpa.open-in-view is enabled by default. Therefore, database queries may be performed during view rendering. Explicitly configure spring.jpa.open-in-view to disable this warning
2025-08-10T01:36:24.409-05:00  INFO 15440 --- [buro] [           main] o.s.b.a.e.web.EndpointLinksResolver      : Exposing 3 endpoints beneath base path '/actuator'
2025-08-10T01:36:24.537-05:00  INFO 15440 --- [buro] [           main] c.r.buro.BuroApplicationTests            : Started BuroApplicationTests in 9.708 seconds (process running for 11.058)
]]></system-out>
  </testcase>
</testsuite>